<?xml version="1.0" encoding="UTF-8"?>
<!-- Generated by org.testng.reporters.JUnitReportReporter -->
<testsuite hostname="LAPTOP-MHBSPLVF" failures="0" tests="1" name="org.NewsAPIs.GetArticleAPITest" time="2.799" errors="0" timestamp="2024-07-30T17:58:38 IST" skipped="0">
  <testcase classname="org.NewsAPIs.GetArticleAPITest" name="getArticleAPITest" time="2.799"/>
  <system-out/>
</testsuite> <!-- org.NewsAPIs.GetArticleAPITest -->
